Solid Edge Translation to STL
Date: Monday,February 05,2018 11:41AM
Source File:C:\Users\gibbens\Documents\Arduino\Conway\Facia\Part1.par
Output File: C:\Users\gibbens\Documents\Arduino\Conway\Facia\FirstFacia.stl
Source System: SOLID EDGE

Hardware:
Processor: Intel(R) Xeon(R) CPU E3-1270 v5 @ 3.60GHz
Operating System: Windows 7 Enterprise Edition Service Pack 1
Memory: 31.92 GB

Software Information:
Parasolid Version: 30.0.149
Bodyshop Version: 29.1.63
Solid Edge Version: 110.00.00.082 x64

STL Export Options:
Output File Format:BINARY
Export Displayed Parts:Off
structureOption: Monolithic
Export Units:Millimeter
Export Tolerance Value:0.050000
Export Tolerance Type:Custom
Export Surface Plane Angle Value:0.523599

Translation progress:
Phase 1 of 2 Fetching Parasolid information...
Phase 2 of 2 Translating Parasolid to foreign data types...
Number of STL file Created : 1
Translation process completed
Time required to translate:00 : 00 : 01
